Arguments: 
  /usr/local/bin/node /usr/local/Cellar/yarn/1.19.1/libexec/bin/yarn.js install

PATH: 
  /usr/local/bin:/usr/bin:/bin:/usr/sbin:/sbin:/Applications/VMware Fusion.app/Contents/Public:/usr/local/share/dotnet:~/.dotnet/tools:/Library/Frameworks/Mono.framework/Versions/Current/Commands

Yarn version: 
  1.19.1

Node version: 
  10.16.0

Platform: 
  darwin x64

Trace: 
  Error: EACCES: permission denied, mkdir '/Users/britton/Desktop/sslvagrant/node_modules/abbrev'

npm manifest: 
  {
    "name": "vagrant",
    "version": "0.0.0",
    "description": "ERROR: No README data found!",
    "main": "myNode.js",
    "scripts": {
      "test": "echo \"Error: no test specified\" && exit 1"
    },
    "author": "",
    "license": "BSD-2-Clause",
    "dependencies": {
      "ejs": "^3.0.1",
      "express": "^4.17.1",
      "request": "^2.88.2"
    },
    "devDependencies": {
      "babel-cli": "^6.26.0"
    }
  }

yarn manifest: 
  No manifest

Lockfile: 
  No lockfile
